This is pdfTeX, Version 3.14159265-2.6-1.40.20 (TeX Live 2019) (preloaded format=pdflatex 2019.5.8)  25 DEC 2022 20:05
entering extended mode
 \write18 enabled.
 file:line:error style messages enabled.
 %&-line parsing enabled.
**/Users/prajitabhattarai/Documents/PHDThesis/phdthesis/thesis.tex
(/Users/prajitabhattarai/Documents/PHDThesis/phdthesis/thesis.tex
LaTeX2e <2018-12-01>
(/Users/prajitabhattarai/Documents/PHDThesis/phdthesis/brandeis-dissertation.cls
Document Class: brandeis-dissertation 2020/04/09 v3.11 .dtx brandeis-dissertation file
(/usr/local/texlive/2019/texmf-dist/tex/latex/base/article.cls
Document Class: article 2018/09/03 v1.4i Standard LaTeX document class
(/usr/local/texlive/2019/texmf-dist/tex/latex/base/size12.clo
File: size12.clo 2018/09/03 v1.4i Standard LaTeX file (size option)
)
\c@part=\count80
\c@section=\count81
\c@subsection=\count82
\c@subsubsection=\count83
\c@paragraph=\count84
\c@subparagraph=\count85
\c@figure=\count86
\c@table=\count87
\abovecaptionskip=\skip41
\belowcaptionskip=\skip42
\bibindent=\dimen102
) (/usr/local/texlive/2019/texmf-dist/tex/latex/geometry/geometry.sty
Package: geometry 2018/04/16 v5.8 Page Geometry
 (/usr/local/texlive/2019/texmf-dist/tex/latex/graphics/keyval.sty
Package: keyval 2014/10/28 v1.15 key=value parser (DPC)
\KV@toks@=\toks14
) (/usr/local/texlive/2019/texmf-dist/tex/generic/oberdiek/ifpdf.sty
Package: ifpdf 2018/09/07 v3.3 Provides the ifpdf switch
) (/usr/local/texlive/2019/texmf-dist/tex/generic/oberdiek/ifvtex.sty
Package: ifvtex 2016/05/16 v1.6 Detect VTeX and its facilities (HO)
Package ifvtex Info: VTeX not detected.
) (/usr/local/texlive/2019/texmf-dist/tex/generic/ifxetex/ifxetex.sty
Package: ifxetex 2010/09/12 v0.6 Provides ifxetex conditional
)
\Gm@cnth=\count88
\Gm@cntv=\count89
\c@Gm@tempcnt=\count90
\Gm@bindingoffset=\dimen103
\Gm@wd@mp=\dimen104
\Gm@odd@mp=\dimen105
\Gm@even@mp=\dimen106
\Gm@layoutwidth=\dimen107
\Gm@layoutheight=\dimen108
\Gm@layouthoffset=\dimen109
\Gm@layoutvoffset=\dimen110
\Gm@dimlist=\toks15
) (/usr/local/texlive/2019/texmf-dist/tex/latex/setspace/setspace.sty
Package: setspace 2011/12/19 v6.7a set line spacing
) (/usr/local/texlive/2019/texmf-dist/tex/latex/titlesec/titlesec.sty
Package: titlesec 2016/03/21 v2.10.2 Sectioning titles
\ttl@box=\box27
\beforetitleunit=\skip43
\aftertitleunit=\skip44
\ttl@plus=\dimen111
\ttl@minus=\dimen112
\ttl@toksa=\toks16
\titlewidth=\dimen113
\titlewidthlast=\dimen114
\titlewidthfirst=\dimen115
) (/usr/local/texlive/2019/texmf-dist/tex/latex/base/inputenc.sty
Package: inputenc 2018/08/11 v1.3c Input encoding file
\inpenc@prehook=\toks17
\inpenc@posthook=\toks18
) (/usr/local/texlive/2019/texmf-dist/tex/generic/babel/babel.sty
Package: babel 2019/05/04 3.31 The Babel package
 (/usr/local/texlive/2019/texmf-dist/tex/generic/babel/switch.def
File: switch.def 2019/05/04 3.31 Babel switching mechanism
) (/usr/local/texlive/2019/texmf-dist/tex/generic/babel-english/english.ldf
Language: english 2017/06/06 v3.3r English support from the babel system
 (/usr/local/texlive/2019/texmf-dist/tex/generic/babel/babel.def
File: babel.def 2019/05/04 3.31 Babel common definitions
\babel@savecnt=\count91
\U@D=\dimen116
 (/usr/local/texlive/2019/texmf-dist/tex/generic/babel/txtbabel.def)
\bbl@dirlevel=\count92
)
\l@canadian = a dialect from \language\l@american 
\l@australian = a dialect from \language\l@british 
\l@newzealand = a dialect from \language\l@british 
)) (/usr/local/texlive/2019/texmf-dist/tex/latex/csquotes/csquotes.sty
Package: csquotes 2018/04/13 v5.2d context-sensitive quotations (JAW)
 (/usr/local/texlive/2019/texmf-dist/tex/latex/etoolbox/etoolbox.sty
Package: etoolbox 2018/08/19 v2.5f e-TeX tools for LaTeX (JAW)
\etb@tempcnta=\count93
)
\csq@reset=\count94
\csq@gtype=\count95
\csq@glevel=\count96
\csq@qlevel=\count97
\csq@maxlvl=\count98
\csq@tshold=\count99
\csq@ltx@everypar=\toks19
 (/usr/local/texlive/2019/texmf-dist/tex/latex/csquotes/csquotes.def
File: csquotes.def 2018/04/13 v5.2d csquotes generic definitions (JAW)
)
Package csquotes Info: Trying to load configuration file 'csquotes.cfg'...
Package csquotes Info: ... configuration file loaded successfully.
 (/usr/local/texlive/2019/texmf-dist/tex/latex/csquotes/csquotes.cfg
File: csquotes.cfg 
)) (/usr/local/texlive/2019/texmf-dist/tex/latex/tocloft/tocloft.sty
Package: tocloft 2017/08/31 v2.3i parameterised ToC, etc., typesetting
Package tocloft Info: The document has section divisions on input line 51.
\cftparskip=\skip45
\cftbeforetoctitleskip=\skip46
\cftaftertoctitleskip=\skip47
\cftbeforepartskip=\skip48
\cftpartnumwidth=\skip49
\cftpartindent=\skip50
\cftbeforesecskip=\skip51
\cftsecindent=\skip52
\cftsecnumwidth=\skip53
\cftbeforesubsecskip=\skip54
\cftsubsecindent=\skip55
\cftsubsecnumwidth=\skip56
\cftbeforesubsubsecskip=\skip57
\cftsubsubsecindent=\skip58
\cftsubsubsecnumwidth=\skip59
\cftbeforeparaskip=\skip60
\cftparaindent=\skip61
\cftparanumwidth=\skip62
\cftbeforesubparaskip=\skip63
\cftsubparaindent=\skip64
\cftsubparanumwidth=\skip65
\cftbeforeloftitleskip=\skip66
\cftafterloftitleskip=\skip67
\cftbeforefigskip=\skip68
\cftfigindent=\skip69
\cftfignumwidth=\skip70
\c@lofdepth=\count100
\c@lotdepth=\count101
\cftbeforelottitleskip=\skip71
\cftafterlottitleskip=\skip72
\cftbeforetabskip=\skip73
\cfttabindent=\skip74
\cfttabnumwidth=\skip75
)) (/usr/local/texlive/2019/texmf-dist/tex/latex/titlesec/titletoc.sty
Package: titletoc 2011/12/15 v1.6 TOC entries
\ttl@leftsep=\dimen117
) (/usr/local/texlive/2019/texmf-dist/tex/latex/amsmath/amsmath.sty
Package: amsmath 2018/12/01 v2.17b AMS math features
\@mathmargin=\skip76

For additional information on amsmath, use the `?' option.
(/usr/local/texlive/2019/texmf-dist/tex/latex/amsmath/amstext.sty
Package: amstext 2000/06/29 v2.01 AMS text
 (/usr/local/texlive/2019/texmf-dist/tex/latex/amsmath/amsgen.sty
File: amsgen.sty 1999/11/30 v2.0 generic functions
\@emptytoks=\toks20
\ex@=\dimen118
)) (/usr/local/texlive/2019/texmf-dist/tex/latex/amsmath/amsbsy.sty
Package: amsbsy 1999/11/29 v1.2d Bold Symbols
\pmbraise@=\dimen119
) (/usr/local/texlive/2019/texmf-dist/tex/latex/amsmath/amsopn.sty
Package: amsopn 2016/03/08 v2.02 operator names
)
\inf@bad=\count102
LaTeX Info: Redefining \frac on input line 223.
\uproot@=\count103
\leftroot@=\count104
LaTeX Info: Redefining \overline on input line 385.
\classnum@=\count105
\DOTSCASE@=\count106
LaTeX Info: Redefining \ldots on input line 482.
LaTeX Info: Redefining \dots on input line 485.
LaTeX Info: Redefining \cdots on input line 606.
\Mathstrutbox@=\box28
\strutbox@=\box29
\big@size=\dimen120
LaTeX Font Info:    Redeclaring font encoding OML on input line 729.
LaTeX Font Info:    Redeclaring font encoding OMS on input line 730.
\macc@depth=\count107
\c@MaxMatrixCols=\count108
\dotsspace@=\muskip10
\c@parentequation=\count109
\dspbrk@lvl=\count110
\tag@help=\toks21
\row@=\count111
\column@=\count112
\maxfields@=\count113
\andhelp@=\toks22
\eqnshift@=\dimen121
\alignsep@=\dimen122
\tagshift@=\dimen123
\tagwidth@=\dimen124
\totwidth@=\dimen125
\lineht@=\dimen126
\@envbody=\toks23
\multlinegap=\skip77
\multlinetaggap=\skip78
\mathdisplay@stack=\toks24
LaTeX Info: Redefining \[ on input line 2844.
LaTeX Info: Redefining \] on input line 2845.
) (/usr/local/texlive/2019/texmf-dist/tex/latex/amsfonts/amssymb.sty
Package: amssymb 2013/01/14 v3.01 AMS font symbols
 (/usr/local/texlive/2019/texmf-dist/tex/latex/amsfonts/amsfonts.sty
Package: amsfonts 2013/01/14 v3.01 Basic AMSFonts support
\symAMSa=\mathgroup4
\symAMSb=\mathgroup5
LaTeX Font Info:    Overwriting math alphabet `\mathfrak' in version `bold'
(Font)                  U/euf/m/n --> U/euf/b/n on input line 106.
)) (/usr/local/texlive/2019/texmf-dist/tex/latex/epigraph/epigraph.sty
Package: epigraph 2009/09/02 v1.5c typesetting epigraphs
\beforeepigraphskip=\skip79
\afterepigraphskip=\skip80
\epigraphwidth=\skip81
\epigraphrule=\skip82
) (/usr/local/texlive/2019/texmf-dist/tex/latex/graphics/graphicx.sty
Package: graphicx 2017/06/01 v1.1a Enhanced LaTeX Graphics (DPC,SPQR)
 (/usr/local/texlive/2019/texmf-dist/tex/latex/graphics/graphics.sty
Package: graphics 2017/06/25 v1.2c Standard LaTeX Graphics (DPC,SPQR)
 (/usr/local/texlive/2019/texmf-dist/tex/latex/graphics/trig.sty
Package: trig 2016/01/03 v1.10 sin cos tan (DPC)
) (/usr/local/texlive/2019/texmf-dist/tex/latex/graphics-cfg/graphics.cfg
File: graphics.cfg 2016/06/04 v1.11 sample graphics configuration
)
Package graphics Info: Driver file: pdftex.def on input line 99.
 (/usr/local/texlive/2019/texmf-dist/tex/latex/graphics-def/pdftex.def
File: pdftex.def 2018/01/08 v1.0l Graphics/color driver for pdftex
))
\Gin@req@height=\dimen127
\Gin@req@width=\dimen128
) (/usr/local/texlive/2019/texmf-dist/tex/latex/caption/caption.sty
Package: caption 2018/10/06 v3.3-154 Customizing captions (AR)
 (/usr/local/texlive/2019/texmf-dist/tex/latex/caption/caption3.sty
Package: caption3 2018/09/12 v1.8c caption3 kernel (AR)
Package caption3 Info: TeX engine: e-TeX on input line 64.
\captionmargin=\dimen129
\captionmargin@=\dimen130
\captionwidth=\dimen131
\caption@tempdima=\dimen132
\caption@indent=\dimen133
\caption@parindent=\dimen134
\caption@hangindent=\dimen135
)
\c@caption@flags=\count114
\c@ContinuedFloat=\count115
) (/usr/local/texlive/2019/texmf-dist/tex/latex/caption/subcaption.sty
Package: subcaption 2018/05/01 v1.1-162 Sub-captions (AR)
\c@subfigure=\count116
\c@subtable=\count117
) (/usr/local/texlive/2019/texmf-dist/tex/latex/tools/xspace.sty
Package: xspace 2014/10/28 v1.13 Space after command names (DPC,MH)
) (/usr/local/texlive/2019/texmf-dist/tex/latex/multirow/multirow.sty
Package: multirow 2019/01/01 v2.4 Span multiple rows of a table
\multirow@colwidth=\skip83
\multirow@cntb=\count118
\multirow@dima=\skip84
\bigstrutjot=\dimen136
) (/usr/local/texlive/2019/texmf-dist/tex/latex/appendix/appendix.sty
Package: appendix 2009/09/02 v1.2b extra appendix facilities
\c@@pps=\count119
\c@@ppsavesec=\count120
\c@@ppsaveapp=\count121
) (/usr/local/texlive/2019/texmf-dist/tex/latex/float/float.sty
Package: float 2001/11/08 v1.3d Float enhancements (AL)
\c@float@type=\count122
\float@exts=\toks25
\float@box=\box30
\@float@everytoks=\toks26
\@floatcapt=\box31
) (/usr/local/texlive/2019/texmf-dist/tex/latex/cite/cite.sty
LaTeX Info: Redefining \cite on input line 302.
LaTeX Info: Redefining \nocite on input line 332.
Package: cite 2015/02/27  v 5.5
) (/usr/local/texlive/2019/texmf-dist/tex/latex/hyperref/hyperref.sty
Package: hyperref 2018/11/30 v6.88e Hypertext links for LaTeX
 (/usr/local/texlive/2019/texmf-dist/tex/generic/oberdiek/hobsub-hyperref.sty
Package: hobsub-hyperref 2016/05/16 v1.14 Bundle oberdiek, subset hyperref (HO)
 (/usr/local/texlive/2019/texmf-dist/tex/generic/oberdiek/hobsub-generic.sty
Package: hobsub-generic 2016/05/16 v1.14 Bundle oberdiek, subset generic (HO)
Package: hobsub 2016/05/16 v1.14 Construct package bundles (HO)
Package: infwarerr 2016/05/16 v1.4 Providing info/warning/error messages (HO)
Package: ltxcmds 2016/05/16 v1.23 LaTeX kernel commands for general use (HO)
Package: ifluatex 2016/05/16 v1.4 Provides the ifluatex switch (HO)
Package ifluatex Info: LuaTeX not detected.
Package hobsub Info: Skipping package `ifvtex' (already loaded).
Package: intcalc 2016/05/16 v1.2 Expandable calculations with integers (HO)
Package hobsub Info: Skipping package `ifpdf' (already loaded).
Package: etexcmds 2016/05/16 v1.6 Avoid name clashes with e-TeX commands (HO)
Package: kvsetkeys 2016/05/16 v1.17 Key value parser (HO)
Package: kvdefinekeys 2016/05/16 v1.4 Define keys (HO)
Package: pdftexcmds 2018/09/10 v0.29 Utility functions of pdfTeX for LuaTeX (HO)
Package pdftexcmds Info: LuaTeX not detected.
Package pdftexcmds Info: \pdf@primitive is available.
Package pdftexcmds Info: \pdf@ifprimitive is available.
Package pdftexcmds Info: \pdfdraftmode found.
Package: pdfescape 2016/05/16 v1.14 Implements pdfTeX's escape features (HO)
Package: bigintcalc 2016/05/16 v1.4 Expandable calculations on big integers (HO)
Package: bitset 2016/05/16 v1.2 Handle bit-vector datatype (HO)
Package: uniquecounter 2016/05/16 v1.3 Provide unlimited unique counter (HO)
)
Package hobsub Info: Skipping package `hobsub' (already loaded).
Package: letltxmacro 2016/05/16 v1.5 Let assignment for LaTeX macros (HO)
Package: hopatch 2016/05/16 v1.3 Wrapper for package hooks (HO)
Package: xcolor-patch 2016/05/16 xcolor patch
Package: atveryend 2016/05/16 v1.9 Hooks at the very end of document (HO)
Package: atbegshi 2016/06/09 v1.18 At begin shipout hook (HO)
Package: refcount 2016/05/16 v3.5 Data extraction from label references (HO)
Package: hycolor 2016/05/16 v1.8 Color options for hyperref/bookmark (HO)
) (/usr/local/texlive/2019/texmf-dist/tex/latex/oberdiek/auxhook.sty
Package: auxhook 2016/05/16 v1.4 Hooks for auxiliary files (HO)
) (/usr/local/texlive/2019/texmf-dist/tex/latex/oberdiek/kvoptions.sty
Package: kvoptions 2016/05/16 v3.12 Key value format for package options (HO)
)
\@linkdim=\dimen137
\Hy@linkcounter=\count123
\Hy@pagecounter=\count124
 (/usr/local/texlive/2019/texmf-dist/tex/latex/hyperref/pd1enc.def
File: pd1enc.def 2018/11/30 v6.88e Hyperref: PDFDocEncoding definition (HO)
Now handling font encoding PD1 ...
... no UTF-8 mapping file for font encoding PD1
)
\Hy@SavedSpaceFactor=\count125
 (/usr/local/texlive/2019/texmf-dist/tex/latex/latexconfig/hyperref.cfg
File: hyperref.cfg 2002/06/06 v1.2 hyperref configuration of TeXLive
)
Package hyperref Info: Option `colorlinks' set `true' on input line 4393.
Package hyperref Info: Hyper figures OFF on input line 4519.
Package hyperref Info: Link nesting OFF on input line 4524.
Package hyperref Info: Hyper index ON on input line 4527.
Package hyperref Info: Plain pages OFF on input line 4534.
Package hyperref Info: Backreferencing OFF on input line 4539.
Package hyperref Info: Implicit mode ON; LaTeX internals redefined.
Package hyperref Info: Bookmarks ON on input line 4772.
\c@Hy@tempcnt=\count126
 (/usr/local/texlive/2019/texmf-dist/tex/latex/url/url.sty
\Urlmuskip=\muskip11
Package: url 2013/09/16  ver 3.4  Verb mode for urls, etc.
)
LaTeX Info: Redefining \url on input line 5125.
\XeTeXLinkMargin=\dimen138
\Fld@menulength=\count127
\Field@Width=\dimen139
\Fld@charsize=\dimen140
Package hyperref Info: Hyper figures OFF on input line 6380.
Package hyperref Info: Link nesting OFF on input line 6385.
Package hyperref Info: Hyper index ON on input line 6388.
Package hyperref Info: backreferencing OFF on input line 6395.
Package hyperref Info: Link coloring ON on input line 6398.
Package hyperref Info: Link coloring with OCG OFF on input line 6405.
Package hyperref Info: PDF/A mode OFF on input line 6410.
LaTeX Info: Redefining \ref on input line 6450.
LaTeX Info: Redefining \pageref on input line 6454.
\Hy@abspage=\count128
\c@Item=\count129
\c@Hfootnote=\count130
)
Package hyperref Info: Driver (autodetected): hpdftex.
 (/usr/local/texlive/2019/texmf-dist/tex/latex/hyperref/hpdftex.def
File: hpdftex.def 2018/11/30 v6.88e Hyperref driver for pdfTeX
\Fld@listcount=\count131
\c@bookmark@seq@number=\count132
 (/usr/local/texlive/2019/texmf-dist/tex/latex/oberdiek/rerunfilecheck.sty
Package: rerunfilecheck 2016/05/16 v1.8 Rerun checks for auxiliary files (HO)
Package uniquecounter Info: New unique counter `rerunfilecheck' on input line 282.
)
\Hy@SectionHShift=\skip85
) (/Users/prajitabhattarai/Documents/PHDThesis/phdthesis/AnalysisCommonDefs.sty) (/usr/local/texlive/2019/texmf-dist/tex/latex/frankenstein/newclude.sty
Package: newclude 1999/11/02 v2 A new system for including files (Frankenstein's backbone)
 (/usr/local/texlive/2019/texmf-dist/tex/latex/frankenstein/moredefs.sty
Package: moredefs 2001/08/31 v1.8 more defining commands (Frankenstein's brain)
\sc@toks@a=\toks27
\sc@toks@b=\toks28
)
\nc@toks@a=\toks29
\c@IncludeDepth=\count133
) (/usr/local/texlive/2019/texmf-dist/tex/latex/frankenstein/tag.sto)
Package csquotes Info: Checking for multilingual support...
Package csquotes Info: ... found 'babel' package.
Package csquotes Info: Adjusting default style.
Package csquotes Info: Redefining alias 'default' -> 'english'.
 (/Users/prajitabhattarai/Documents/PHDThesis/phdthesis/thesis.aux)
\openout1 = `thesis.aux'.

LaTeX Font Info:    Checking defaults for OML/cmm/m/it on input line 68.
LaTeX Font Info:    ... okay on input line 68.
LaTeX Font Info:    Checking defaults for T1/cmr/m/n on input line 68.
LaTeX Font Info:    ... okay on input line 68.
LaTeX Font Info:    Checking defaults for OT1/cmr/m/n on input line 68.
LaTeX Font Info:    ... okay on input line 68.
LaTeX Font Info:    Checking defaults for OMS/cmsy/m/n on input line 68.
LaTeX Font Info:    ... okay on input line 68.
LaTeX Font Info:    Checking defaults for OMX/cmex/m/n on input line 68.
LaTeX Font Info:    ... okay on input line 68.
LaTeX Font Info:    Checking defaults for U/cmr/m/n on input line 68.
LaTeX Font Info:    ... okay on input line 68.
LaTeX Font Info:    Checking defaults for PD1/pdf/m/n on input line 68.
LaTeX Font Info:    ... okay on input line 68.

*geometry* driver: auto-detecting
*geometry* detected driver: pdftex
*geometry* verbose mode - [ preamble ] result:
* driver: pdftex
* paper: <default>
* layout: <same size as paper>
* layoutoffset:(h,v)=(0.0pt,0.0pt)
* modes: 
* h-part:(L,W,R)=(72.26999pt, 469.75502pt, 72.26999pt)
* v-part:(T,H,B)=(72.26999pt, 650.43001pt, 72.26999pt)
* \paperwidth=614.295pt
* \paperheight=794.96999pt
* \textwidth=469.75502pt
* \textheight=650.43001pt
* \oddsidemargin=0.0pt
* \evensidemargin=0.0pt
* \topmargin=-37.0pt
* \headheight=12.0pt
* \headsep=25.0pt
* \topskip=12.0pt
* \footskip=30.0pt
* \marginparwidth=44.0pt
* \marginparsep=10.0pt
* \columnsep=10.0pt
* \skip\footins=10.8pt plus 4.0pt minus 2.0pt
* \hoffset=0.0pt
* \voffset=0.0pt
* \mag=1000
* \@twocolumnfalse
* \@twosidefalse
* \@mparswitchfalse
* \@reversemarginfalse
* (1in=72.27pt=25.4mm, 1cm=28.453pt)

(/usr/local/texlive/2019/texmf-dist/tex/context/base/mkii/supp-pdf.mkii
[Loading MPS to PDF converter (version 2006.09.02).]
\scratchcounter=\count134
\scratchdimen=\dimen141
\scratchbox=\box32
\nofMPsegments=\count135
\nofMParguments=\count136
\everyMPshowfont=\toks30
\MPscratchCnt=\count137
\MPscratchDim=\dimen142
\MPnumerator=\count138
\makeMPintoPDFobject=\count139
\everyMPtoPDFconversion=\toks31
) (/usr/local/texlive/2019/texmf-dist/tex/latex/oberdiek/epstopdf-base.sty
Package: epstopdf-base 2016/05/15 v2.6 Base part for package epstopdf
 (/usr/local/texlive/2019/texmf-dist/tex/latex/oberdiek/grfext.sty
Package: grfext 2016/05/16 v1.2 Manage graphics extensions (HO)
)
Package epstopdf-base Info: Redefining graphics rule for `.eps' on input line 438.
Package grfext Info: Graphics extension search list:
(grfext)             [.pdf,.png,.jpg,.mps,.jpeg,.jbig2,.jb2,.PDF,.PNG,.JPG,.JPEG,.JBIG2,.JB2,.eps]
(grfext)             \AppendGraphicsExtensions on input line 456.
 (/usr/local/texlive/2019/texmf-dist/tex/latex/latexconfig/epstopdf-sys.cfg
File: epstopdf-sys.cfg 2010/07/13 v1.3 Configuration of (r)epstopdf for TeX Live
))
Package caption Info: Begin \AtBeginDocument code.
Package caption Info: float package is loaded.
Package caption Info: hyperref package is loaded.
Package caption Info: End \AtBeginDocument code.
\AtBeginShipoutBox=\box33
 (/usr/local/texlive/2019/texmf-dist/tex/latex/graphics/color.sty
Package: color 2016/07/10 v1.1e Standard LaTeX Color (DPC)
 (/usr/local/texlive/2019/texmf-dist/tex/latex/graphics-cfg/color.cfg
File: color.cfg 2016/01/02 v1.6 sample color configuration
)
Package color Info: Driver file: pdftex.def on input line 147.
)
Package hyperref Info: Link coloring ON on input line 68.
 (/usr/local/texlive/2019/texmf-dist/tex/latex/hyperref/nameref.sty
Package: nameref 2016/05/21 v2.44 Cross-referencing by name of section
 (/usr/local/texlive/2019/texmf-dist/tex/generic/oberdiek/gettitlestring.sty
Package: gettitlestring 2016/05/16 v1.5 Cleanup title references (HO)
)
\c@section@level=\count140
)
LaTeX Info: Redefining \ref on input line 68.
LaTeX Info: Redefining \pageref on input line 68.
LaTeX Info: Redefining \nameref on input line 68.
 (/Users/prajitabhattarai/Documents/PHDThesis/phdthesis/thesis.out) (/Users/prajitabhattarai/Documents/PHDThesis/phdthesis/thesis.out)
\@outlinefile=\write3
\openout3 = `thesis.out'.

 [1

{/usr/local/texlive/2019/texmf-var/fonts/map/pdftex/updmap/pdftex.map}]pdfTeX warning (ext4): destination with the same identifier (name{page.}) has been already used, duplicate ignored
<to be read again> 
                   \relax 
l.74 \makeapproval
                   [1


]
*geometry* verbose mode - [ newgeometry ] result:
* driver: pdftex
* paper: <default>
* layout: <same size as paper>
* layoutoffset:(h,v)=(0.0pt,0.0pt)
* modes: 
* h-part:(L,W,R)=(92.14519pt, 430.00462pt, 92.14519pt)
* v-part:(T,H,B)=(448.07378pt, 251.49884pt, 95.39737pt)
* \paperwidth=614.295pt
* \paperheight=794.96999pt
* \textwidth=430.00462pt
* \textheight=251.49884pt
* \oddsidemargin=19.8752pt
* \evensidemargin=19.8752pt
* \topmargin=338.80379pt
* \headheight=12.0pt
* \headsep=25.0pt
* \topskip=12.0pt
* \footskip=30.0pt
* \marginparwidth=44.0pt
* \marginparsep=10.0pt
* \columnsep=10.0pt
* \skip\footins=10.8pt plus 4.0pt minus 2.0pt
* \hoffset=0.0pt
* \voffset=0.0pt
* \mag=1000
* \@twocolumnfalse
* \@twosidefalse
* \@mparswitchfalse
* \@reversemarginfalse
* (1in=72.27pt=25.4mm, 1cm=28.453pt)

pdfTeX warning (ext4): destination with the same identifier (name{page.}) has been already used, duplicate ignored
<to be read again> 
                   \relax 
l.77 \makecopyright
                    [1


] [4


]
LaTeX Font Info:    Try loading font information for U+msa on input line 93.
 (/usr/local/texlive/2019/texmf-dist/tex/latex/amsfonts/umsa.fd
File: umsa.fd 2013/01/14 v3.01 AMS symbols A
)
LaTeX Font Info:    Try loading font information for U+msb on input line 93.
 (/usr/local/texlive/2019/texmf-dist/tex/latex/amsfonts/umsb.fd
File: umsb.fd 2013/01/14 v3.01 AMS symbols B
) [5

] (/Users/prajitabhattarai/Documents/PHDThesis/phdthesis/thesis.toc [6


] [7] [8])
\tf@toc=\write4
\openout4 = `thesis.toc'.

 [9] (/Users/prajitabhattarai/Documents/PHDThesis/phdthesis/thesis.lot
Overfull \hbox (1.918pt too wide) in paragraph at lines 4--4
 \OT1/cmr/m/n/12 sin-glet. The down-type left-handed quarks in $\OML/cmm/m/it/12 SU\OT1/cmr/m/n/12 (2)[]$ quark dou-blets $\OML/cmm/m/it/12 d[];  s[] \OT1/cmr/m/n/12 & \OML/cmm/m/it/12 b[]$ 
 []

[10

])
\tf@lot=\write5
\openout5 = `thesis.lot'.

 [11] (/Users/prajitabhattarai/Documents/PHDThesis/phdthesis/thesis.lof
Overfull \hbox (51.53638pt too wide) in paragraph at lines 17--17
 \OT1/cmr/m/n/12 group pub-lic tu-to-rial [][]$\OT1/cmtt/m/n/12 https : / / atlassoftwaredocs . web . cern . ch / trackingTutorial / 
 []

[12

] [13] [14] [15] [16]
Overfull \hbox (0.92776pt too wide) in paragraph at lines 59--59
 \OT1/cmr/m/n/12 line-shape. The right plot shows reweighted-\OT1/cmr/m/sc/12 MadGraph5 \OT1/cmr/m/n/12 detector-level (blue) 
 []


Overfull \hbox (17.89113pt too wide) in paragraph at lines 59--59
 \OT1/cmr/m/n/12 reweighted truth-level \OT1/cmr/m/sc/12 Mad-Graph5 \OT1/cmr/m/n/12 and reweighted unfolded-level \OT1/cmr/m/sc/12 Mad-Graph5 
 []

[17])
\tf@lof=\write6
\openout6 = `thesis.lof'.

 [18] (/Users/prajitabhattarai/Documents/PHDThesis/phdthesis/sections/ListOfAbb.tex
LaTeX Font Info:    Try loading font information for OMS+cmr on input line 2.
 (/usr/local/texlive/2019/texmf-dist/tex/latex/base/omscmr.fd
File: omscmr.fd 2014/09/29 v2.5h Standard LaTeX font definitions
)
LaTeX Font Info:    Font shape `OMS/cmr/m/n' in size <12> not available
(Font)              Font shape `OMS/cmsy/m/n' tried instead on input line 2.
 [19


] [20]) [21] (/Users/prajitabhattarai/Documents/PHDThesis/phdthesis/sections/Introduction.tex [1


]) [2] (/Users/prajitabhattarai/Documents/PHDThesis/phdthesis/sections/theory.tex) [3


] (/Users/prajitabhattarai/Documents/PHDThesis/phdthesis/sections/theory_StandardModel.tex [4



]
<figures/Theory/SMparticles.pdf, id=860, 803.0pt x 767.86874pt>
File: figures/Theory/SMparticles.pdf Graphic file (type pdf)
<use figures/Theory/SMparticles.pdf>
Package pdftex.def Info: figures/Theory/SMparticles.pdf  used on input line 19.
(pdftex.def)             Requested size: 328.82707pt x 314.44157pt.
 [5] [6 </Users/prajitabhattarai/Documents/PHDThesis/phdthesis/figures/Theory/SMparticles.pdf>] [7] [8] [9] [10] [11]
Overfull \hbox (2.83765pt too wide) in paragraph at lines 236--237
[]\OT1/cmr/m/n/12 Similar to QED, a gauge-invariant ki-netic term $\OMS/cmsy/m/n/12 ^^@[]\OML/cmm/m/it/12 G[]G[]$\OT1/cmr/m/n/12 , de-pen-dent on the field strength
 []

[12] [13] [14] [15] [16] [17] [18] [19]) [20] (/Users/prajitabhattarai/Documents/PHDThesis/phdthesis/sections/theory_StandardModelShortComings.tex) [21



] [22] (/Users/prajitabhattarai/Documents/PHDThesis/phdthesis/sections/theory_ColliderPheno.tex [23



]
<figures/Theory/PDF.pdf, id=1075, 573.14125pt x 380.42125pt>
File: figures/Theory/PDF.pdf Graphic file (type pdf)
<use figures/Theory/PDF.pdf>
Package pdftex.def Info: figures/Theory/PDF.pdf  used on input line 22.
(pdftex.def)             Requested size: 375.80544pt x 249.44185pt.
 [24 </Users/prajitabhattarai/Documents/PHDThesis/phdthesis/figures/Theory/PDF.pdf>]
<figures/Theory/ColliderPheno.pdf, id=1086, 807.015pt x 622.325pt>
File: figures/Theory/ColliderPheno.pdf Graphic file (type pdf)
<use figures/Theory/ColliderPheno.pdf>
Package pdftex.def Info: figures/Theory/ColliderPheno.pdf  used on input line 39.
(pdftex.def)             Requested size: 328.82707pt x 253.56908pt.
) [25] [26 </Users/prajitabhattarai/Documents/PHDThesis/phdthesis/figures/Theory/ColliderPheno.pdf>] (/Users/prajitabhattarai/Documents/PHDThesis/phdthesis/sections/theory_EWkProcess.tex
<figures/Theory/diagramQCDZZjjqq.pdf, id=1109, 227.62239pt x 227.62239pt>
File: figures/Theory/diagramQCDZZjjqq.pdf Graphic file (type pdf)
<use figures/Theory/diagramQCDZZjjqq.pdf>
Package pdftex.def Info: figures/Theory/diagramQCDZZjjqq.pdf  used on input line 10.
(pdftex.def)             Requested size: 145.6229pt x 145.6292pt.
<figures/Theory/diagramQCDZZjjqg.pdf, id=1110, 227.62239pt x 227.62239pt>
File: figures/Theory/diagramQCDZZjjqg.pdf Graphic file (type pdf)
<use figures/Theory/diagramQCDZZjjqg.pdf>
Package pdftex.def Info: figures/Theory/diagramQCDZZjjqg.pdf  used on input line 11.
(pdftex.def)             Requested size: 145.6229pt x 145.6292pt.
<figures/Theory/diagramQCDZZjjgg.pdf, id=1111, 227.62239pt x 227.62239pt>
File: figures/Theory/diagramQCDZZjjgg.pdf Graphic file (type pdf)
<use figures/Theory/diagramQCDZZjjgg.pdf>
Package pdftex.def Info: figures/Theory/diagramQCDZZjjgg.pdf  used on input line 12.
(pdftex.def)             Requested size: 145.6229pt x 145.6292pt.
<figures/Theory/diagramQCDZZjjbox.pdf, id=1112, 227.62239pt x 227.62239pt>
File: figures/Theory/diagramQCDZZjjbox.pdf Graphic file (type pdf)
<use figures/Theory/diagramQCDZZjjbox.pdf>
Package pdftex.def Info: figures/Theory/diagramQCDZZjjbox.pdf  used on input line 19.
(pdftex.def)             Requested size: 145.6229pt x 145.6292pt.
<figures/Theory/diagramQCDZZjjggH.pdf, id=1113, 227.62239pt x 227.62239pt>
File: figures/Theory/diagramQCDZZjjggH.pdf Graphic file (type pdf)
<use figures/Theory/diagramQCDZZjjggH.pdf>
Package pdftex.def Info: figures/Theory/diagramQCDZZjjggH.pdf  used on input line 20.
(pdftex.def)             Requested size: 145.6229pt x 145.6292pt.
<figures/Theory/diagramEWZZjjTGC.pdf, id=1114, 227.62239pt x 227.62239pt>
File: figures/Theory/diagramEWZZjjTGC.pdf Graphic file (type pdf)
<use figures/Theory/diagramEWZZjjTGC.pdf>
Package pdftex.def Info: figures/Theory/diagramEWZZjjTGC.pdf  used on input line 28.
(pdftex.def)             Requested size: 180.385pt x 180.39279pt.
<figures/Theory/diagramEWZZjjQGC.pdf, id=1115, 227.62239pt x 227.62239pt>
File: figures/Theory/diagramEWZZjjQGC.pdf Graphic file (type pdf)
<use figures/Theory/diagramEWZZjjQGC.pdf>
Package pdftex.def Info: figures/Theory/diagramEWZZjjQGC.pdf  used on input line 34.
(pdftex.def)             Requested size: 180.385pt x 180.39279pt.
<figures/Theory/diagramEWZZjjSchnHiggs.pdf, id=1116, 227.62239pt x 227.62239pt>
File: figures/Theory/diagramEWZZjjSchnHiggs.pdf Graphic file (type pdf)
<use figures/Theory/diagramEWZZjjSchnHiggs.pdf>
Package pdftex.def Info: figures/Theory/diagramEWZZjjSchnHiggs.pdf  used on input line 40.
(pdftex.def)             Requested size: 180.385pt x 180.39279pt.
<figures/Theory/diagramEWZZjjTchnHiggs.pdf, id=1117, 227.62239pt x 227.62239pt>
File: figures/Theory/diagramEWZZjjTchnHiggs.pdf Graphic file (type pdf)
<use figures/Theory/diagramEWZZjjTchnHiggs.pdf>
Package pdftex.def Info: figures/Theory/diagramEWZZjjTchnHiggs.pdf  used on input line 46.
(pdftex.def)             Requested size: 180.385pt x 180.39279pt.

Underfull \hbox (badness 10000) in paragraph at lines 26--50
[]$[]$ $[]$
 []


Underfull \hbox (badness 10000) in paragraph at lines 26--50

 []

[27



] [28 </Users/prajitabhattarai/Documents/PHDThesis/phdthesis/figures/Theory/diagramQCDZZjjqq.pdf> </Users/prajitabhattarai/Documents/PHDThesis/phdthesis/figures/Theory/diagramQCDZZjjqg.pdf> </Users/prajitabhattarai/Documents/PHDThesis/phdthesis/figures/Theory/diagramQCDZZjjgg.pdf> </Users/prajitabhattarai/Documents/PHDThesis/phdthesis/figures/Theory/diagramQCDZZjjbox.pdf> </Users/prajitabhattarai/Documents/PHDThesis/phdthesis/figures/Theory/diagramQCDZZjjggH.pdf>] [29 </Users/prajitabhattarai/Documents/PHDThesis/phdthesis/figures/Theory/diagramEWZZjjTGC.pdf> </Users/prajitabhattarai/Documents/PHDThesis/phdthesis/figures/Theory/diagramEWZZjjQGC.pdf> </Users/prajitabhattarai/Documents/PHDThesis/phdthesis/figures/Theory/diagramEWZZjjSchnHiggs.pdf> </Users/prajitabhattarai/Documents/PHDThesis/phdthesis/figures/Theory/diagramEWZZjjTchnHiggs.pdf>]) [30] (/Users/prajitabhattarai/Documents/PHDThesis/phdthesis/sections/Experiment.tex) [31



] (/Users/prajitabhattarai/Documents/PHDThesis/phdthesis/sections/LHC.tex
<figures/LHC/ProtonAccelerator.jpeg, id=1230, 3380.63pt x 2389.92876pt>
File: figures/LHC/ProtonAccelerator.jpeg Graphic file (type jpg)
<use figures/LHC/ProtonAccelerator.jpeg>
Package pdftex.def Info: figures/LHC/ProtonAccelerator.jpeg  used on input line 12.
(pdftex.def)             Requested size: 460.35791pt x 325.43445pt.
 [32



] [33 </Users/prajitabhattarai/Documents/PHDThesis/phdthesis/figures/LHC/ProtonAccelerator.jpeg>]) [34] (/Users/prajitabhattarai/Documents/PHDThesis/phdthesis/sections/LHC_ATLAS.tex
<figures/LHC/AtlasDetector.png, id=1258, 1621.05624pt x 1041.8925pt>
File: figures/LHC/AtlasDetector.png Graphic file (type png)
<use figures/LHC/AtlasDetector.png>
Package pdftex.def Info: figures/LHC/AtlasDetector.png  used on input line 8.
(pdftex.def)             Requested size: 460.35791pt x 295.87729pt.
 [35



] [36 </Users/prajitabhattarai/Documents/PHDThesis/phdthesis/figures/LHC/AtlasDetector.png (PNG copy)>]
<figures/LHC/ATLAS_CoordinateSys.png, id=1273, 1086.0575pt x 521.95pt>
File: figures/LHC/ATLAS_CoordinateSys.png Graphic file (type png)
<use figures/LHC/ATLAS_CoordinateSys.png>
Package pdftex.def Info: figures/LHC/ATLAS_CoordinateSys.png  used on input line 37.
(pdftex.def)             Requested size: 460.35791pt x 221.2484pt.
 [37 </Users/prajitabhattarai/Documents/PHDThesis/phdthesis/figures/LHC/ATLAS_CoordinateSys.png>]
<figures/LHC/ATLAS_InnerDetector.jpg, id=1291, 1505.625pt x 1220.56pt>
File: figures/LHC/ATLAS_InnerDetector.jpg Graphic file (type jpg)
<use figures/LHC/ATLAS_InnerDetector.jpg>
Package pdftex.def Info: figures/LHC/ATLAS_InnerDetector.jpg  used on input line 53.
(pdftex.def)             Requested size: 460.35791pt x 373.19215pt.
 [38] [39 </Users/prajitabhattarai/Documents/PHDThesis/phdthesis/figures/LHC/ATLAS_InnerDetector.jpg>]
<figures/LHC/ATLAS_CALO.jpeg, id=1313, 810.52812pt x 545.53813pt>
File: figures/LHC/ATLAS_CALO.jpeg Graphic file (type jpg)
<use figures/LHC/ATLAS_CALO.jpeg>
Package pdftex.def Info: figures/LHC/ATLAS_CALO.jpeg  used on input line 70.
(pdftex.def)             Requested size: 460.35791pt x 309.85284pt.
<figures/LHC/ATLAS_MS.jpeg, id=1321, 750.805pt x 563.10374pt>
File: figures/LHC/ATLAS_MS.jpeg Graphic file (type jpg)
<use figures/LHC/ATLAS_MS.jpeg>
Package pdftex.def Info: figures/LHC/ATLAS_MS.jpeg  used on input line 80.
(pdftex.def)             Requested size: 460.35791pt x 345.27138pt.
) [40] [41 </Users/prajitabhattarai/Documents/PHDThesis/phdthesis/figures/LHC/ATLAS_CALO.jpeg>] [42 </Users/prajitabhattarai/Documents/PHDThesis/phdthesis/figures/LHC/ATLAS_MS.jpeg>] (/Users/prajitabhattarai/Documents/PHDThesis/phdthesis/sections/LHC_ObjectReconstruction.tex
<figures/LHC/ATLAS_Transverse.jpg, id=1340, 903.375pt x 732.7375pt>
File: figures/LHC/ATLAS_Transverse.jpg Graphic file (type jpg)
<use figures/LHC/ATLAS_Transverse.jpg>
Package pdftex.def Info: figures/LHC/ATLAS_Transverse.jpg  used on input line 7.
(pdftex.def)             Requested size: 460.35791pt x 373.41167pt.
 [43



 </Users/prajitabhattarai/Documents/PHDThesis/phdthesis/figures/LHC/ATLAS_Transverse.jpg>]
<figures/LHC/DAQ_ATLAS.png, id=1351, 766.865pt x 568.1225pt>
File: figures/LHC/DAQ_ATLAS.png Graphic file (type png)
<use figures/LHC/DAQ_ATLAS.png>
Package pdftex.def Info: figures/LHC/DAQ_ATLAS.png  used on input line 19.
(pdftex.def)             Requested size: 375.80544pt x 278.41713pt.
 [44]
<figures/LHC/TrackParameters.png, id=1361, 446.66875pt x 420.57124pt>
File: figures/LHC/TrackParameters.png Graphic file (type png)
<use figures/LHC/TrackParameters.png>
Package pdftex.def Info: figures/LHC/TrackParameters.png  used on input line 31.
(pdftex.def)             Requested size: 281.85587pt x 265.39125pt.
 [45 </Users/prajitabhattarai/Documents/PHDThesis/phdthesis/figures/LHC/DAQ_ATLAS.png (PNG copy)>]
<figures/LHC/trackingflowchart.png, id=1371, 938.00438pt x 397.485pt>
File: figures/LHC/trackingflowchart.png Graphic file (type png)
<use figures/LHC/trackingflowchart.png>
Package pdftex.def Info: figures/LHC/trackingflowchart.png  used on input line 39.
(pdftex.def)             Requested size: 422.77664pt x 179.15166pt.
 [46 </Users/prajitabhattarai/Documents/PHDThesis/phdthesis/figures/LHC/TrackParameters.png>] [47 </Users/prajitabhattarai/Documents/PHDThesis/phdthesis/figures/LHC/trackingflowchart.png>]
<figures/LHC/ElecIdent_Eff.png, id=1390, 845.1575pt x 597.23125pt>
File: figures/LHC/ElecIdent_Eff.png Graphic file (type png)
<use figures/LHC/ElecIdent_Eff.png>
Package pdftex.def Info: figures/LHC/ElecIdent_Eff.png  used on input line 64.
(pdftex.def)             Requested size: 230.18253pt x 162.65799pt.
<figures/LHC/Elec_IsoEff.png, id=1391, 845.1575pt x 597.23125pt>
File: figures/LHC/Elec_IsoEff.png Graphic file (type png)
<use figures/LHC/Elec_IsoEff.png>
Package pdftex.def Info: figures/LHC/Elec_IsoEff.png  used on input line 65.
(pdftex.def)             Requested size: 230.18253pt x 162.65799pt.
 [48] [49 </Users/prajitabhattarai/Documents/PHDThesis/phdthesis/figures/LHC/ElecIdent_Eff.png> </Users/prajitabhattarai/Documents/PHDThesis/phdthesis/figures/LHC/Elec_IsoEff.png>]
<figures/LHC/MuonTypes.pdf, id=1407, 255.95625pt x 198.7425pt>
File: figures/LHC/MuonTypes.pdf Graphic file (type pdf)
<use figures/LHC/MuonTypes.pdf>
Package pdftex.def Info: figures/LHC/MuonTypes.pdf  used on input line 90.
(pdftex.def)             Requested size: 234.8775pt x 182.37526pt.
 [50 </Users/prajitabhattarai/Documents/PHDThesis/phdthesis/figures/LHC/MuonTypes.pdf>] [51]
<figures/LHC/PflowAlg.pdf, id=1432, 481.8pt x 76.285pt>
File: figures/LHC/PflowAlg.pdf Graphic file (type pdf)
<use figures/LHC/PflowAlg.pdf>
Package pdftex.def Info: figures/LHC/PflowAlg.pdf  used on input line 110.
(pdftex.def)             Requested size: 446.26582pt x 70.66028pt.
<figures/LHC/Pflow_vs_Calo_pt.pdf, id=1436, 481.8pt x 456.70625pt>
File: figures/LHC/Pflow_vs_Calo_pt.pdf Graphic file (type pdf)
<use figures/LHC/Pflow_vs_Calo_pt.pdf>
Package pdftex.def Info: figures/LHC/Pflow_vs_Calo_pt.pdf  used on input line 118.
(pdftex.def)             Requested size: 225.4804pt x 213.73209pt.
<figures/LHC/Pflow_vs_Calo_eta.pdf, id=1437, 481.8pt x 456.70625pt>
File: figures/LHC/Pflow_vs_Calo_eta.pdf Graphic file (type pdf)
<use figures/LHC/Pflow_vs_Calo_eta.pdf>
Package pdftex.def Info: figures/LHC/Pflow_vs_Calo_eta.pdf  used on input line 119.
(pdftex.def)             Requested size: 225.4804pt x 213.73209pt.
 [52 </Users/prajitabhattarai/Documents/PHDThesis/phdthesis/figures/LHC/PflowAlg.pdf>]
<figures/LHC/JetCalib.pdf, id=1448, 3328.435pt x 1174.3875pt>
File: figures/LHC/JetCalib.pdf Graphic file (type pdf)
<use figures/LHC/JetCalib.pdf>
Package pdftex.def Info: figures/LHC/JetCalib.pdf  used on input line 127.
(pdftex.def)             Requested size: 4