\BOOKMARK [1][-]{section*.1}{Acknowledgements}{}% 1
\BOOKMARK [1][-]{section*.2}{Abstract}{}% 2
\BOOKMARK [1][-]{section*.3}{List of Tables}{}% 3
\BOOKMARK [1][-]{section*.4}{List of Figures}{}% 4
\BOOKMARK [1][-]{section*.4}{List of Abbreviations}{}% 5
\BOOKMARK [0][-]{part.1}{I Introduction}{}% 6
\BOOKMARK [0][-]{part.2}{II Theory}{}% 7
\BOOKMARK [1][-]{section.1}{The Standard Model}{part.2}% 8
\BOOKMARK [2][-]{subsection.1.1}{Symmetries}{section.1}% 9
\BOOKMARK [2][-]{subsection.1.2}{Particles and Fields}{section.1}% 10
\BOOKMARK [2][-]{subsection.1.3}{Theoretical Formulation of the Standard Model}{section.1}% 11
\BOOKMARK [1][-]{section.2}{Limitations of the Standard Model}{part.2}% 12
\BOOKMARK [1][-]{section.3}{Phenomenology of Proton-Proton Collisions }{part.2}% 13
\BOOKMARK [1][-]{section.4}{ Electroweak Diboson Physics }{part.2}% 14
\BOOKMARK [0][-]{part.3}{III The Large Hadron Collider}{}% 15
\BOOKMARK [1][-]{section.5}{ATLAS Detector}{part.3}% 16
\BOOKMARK [1][-]{section.6}{ Particle Reconstruction}{part.3}% 17
\BOOKMARK [1][-]{section.7}{Future Upgrades}{part.3}% 18
\BOOKMARK [0][-]{part.4}{IV Analysis Overview}{}% 19
\BOOKMARK [1][-]{section.8}{Goals}{part.4}% 20
\BOOKMARK [1][-]{section.9}{Datasets and Monte Carlo Simulation}{part.4}% 21
\BOOKMARK [1][-]{section.10}{Phase Space Definition}{part.4}% 22
\BOOKMARK [1][-]{section.11}{Object and Event Selection}{part.4}% 23
\BOOKMARK [1][-]{section.12}{Definition of Measured Observables}{part.4}% 24
\BOOKMARK [0][-]{part.5}{V Analysis Strategy}{}% 25
\BOOKMARK [1][-]{section.13}{Background Estimation}{part.5}% 26
\BOOKMARK [1][-]{section.14}{Unfolding}{part.5}% 27
\BOOKMARK [1][-]{section.15}{Uncertainties on the Measurement}{part.5}% 28
\BOOKMARK [0][-]{part.6}{VI Results}{}% 29
\BOOKMARK [1][-]{section.16}{ Differential Cross-sections }{part.6}% 30
\BOOKMARK [1][-]{section.17}{Effective Field Theory ReInterpretation}{part.6}% 31
\BOOKMARK [0][-]{part.7}{VII Conclusion}{}% 32
\BOOKMARK [0][-]{part.8}{VIII Outlook}{}% 33
\BOOKMARK [1][-]{section.18}{Run-3}{part.8}% 34
\BOOKMARK [1][-]{section.19}{High Luminosity LHC}{part.8}% 35
\BOOKMARK [0][-]{section.19}{References}{}% 36
\BOOKMARK [0][-]{section.19}{Appendices}{}% 37
\BOOKMARK [0][-]{part*.13}{Appendices}{}% 38
